Epoch:0 | TOPIC | Scientist0:As the team leader, I'd like to start by reviewing our team's strengths and goals. We have a diverse range of expertise, with topics such as data cube, attack graph, data mining, access control, and data security being well-represented among us.

Scientist126, what are your thoughts on potential research directions that we could explore? Perhaps you can build upon the work done by Scientist1, who has published extensively on high-performance computing and overlay networks?

Meanwhile, I'd like to propose a potential topic that combines some of our areas of expertise. What if we were to investigate the application of data mining techniques to identify patterns in network traffic related to security threats? We could leverage our knowledge of attack graphs and access control to develop more effective methods for detecting and preventing cyber attacks.

To take it to the next level, we could also explore the use of machine learning algorithms to improve the accuracy of these predictions. This would require collaboration with Scientist126, who has expertise in data structure and possibly other relevant areas.

What are your thoughts on this potential topic? Do you have any suggestions or ideas that you'd like to add?

Also, I'd like to mention that we could potentially collaborate with Scientist112, who has experience in autonomic computing and experimental evaluation. Their input could be valuable in developing a more comprehensive understanding of the problem space.

Let's continue the discussion and see if we can come up with an innovative research topic that aligns with our team's strengths and goals!
========================================
Epoch:0 | TOPIC | Scientist126:I'm excited to contribute to this discussion. Building on Scientist0's proposal, I think investigating the application of data mining techniques to identify patterns in network traffic related to security threats is a fantastic idea. As someone who has researched extensively on network structure and topology, I believe we can bring a unique perspective to this topic.

One potential direction could be to explore how underlying social networks within organizations influence network traffic patterns, which could reveal new insights into the spread of malware or other cyber threats. We could leverage our knowledge of strategic network formation and large social networks to better understand how these networks evolve over time and how they impact security.

Regarding machine learning algorithms, I agree that incorporating them would be a valuable addition to this research. My expertise in network model and network topology could complement Scientist0's proposal by providing a more comprehensive understanding of the problem space.

I'd also like to suggest exploring the intersection of social networks and wireless sensor networks, which is an area where I have some experience. This could lead to innovative applications for detecting and preventing cyber attacks, particularly in IoT environments.

Lastly, collaborating with Scientist112 would indeed be beneficial, as their expertise in autonomic computing and experimental evaluation would help us develop a more robust understanding of the problem space.

To further build on this topic, what if we were to investigate how network traffic patterns could be used to predict not only security threats but also other types of anomalies or events within an organization? This could have far-reaching implications for various domains beyond cybersecurity.
========================================
Epoch:0 | TOPIC | Scientist0:Here is a concise summary of the conversation:

**Key Points:**

* The team leader proposes investigating the application of data mining techniques to identify patterns in network traffic related to security threats.
* Scientist126 builds on this idea, suggesting exploring how underlying social networks within organizations influence network traffic patterns and proposing incorporating machine learning algorithms for improved accuracy.
* Potential research directions include:
	+ Investigating the intersection of social networks and wireless sensor networks
	+ Exploring the use of network traffic patterns to predict not only security threats but also other types of anomalies or events within an organization
* Collaboration with Scientist112, who has expertise in autonomic computing and experimental evaluation, is suggested.

**Important Decisions/Actions:**

* The team will continue discussing and refining their research topic.
* They aim to leverage their diverse range of expertise to develop a comprehensive understanding of the problem space.
========================================
Epoch:0 | TOPIC | Scientist0:I'm excited to contribute to this discussion! As Scientist0, I'd like to build upon the ideas already proposed by incorporating my own knowledge on data security and protection.

Considering our team's strengths in data mining, access control, and data protection, I suggest we explore a research topic that combines these areas. Here's a potential idea:

**Title:** "Data Deception Detection: Leveraging Data Mining and Access Control to Identify Malicious Data Patterns"

**Research Question:** Can we develop an effective method for detecting and preventing malicious data patterns in large datasets by integrating data mining techniques with access control mechanisms?

**Motivation:** With the increasing amount of sensitive data being generated and stored, it's crucial to develop robust methods for identifying and mitigating potential security threats. By combining data mining and access control, we can identify patterns that may indicate malicious activity, such as unauthorized access or data tampering.

**Potential Impact:** Our research could lead to significant advancements in data security, enabling organizations to better protect their sensitive information from cyber threats. This topic aligns with our team's strengths and goals, and I believe it has the potential to make a substantial impact in the field of data protection.

What are your thoughts on this proposal? How can we refine or expand upon this idea to make it even more innovative and impactful?
========================================
Epoch:0 | TOPIC | Scientist126:I'm excited to contribute to this discussion! As Scientist126, I'd like to build upon the ideas already proposed by incorporating my own knowledge on network structure and social networks.

While Scientist0's proposal is intriguing, I think we can take it a step further by exploring how underlying social networks within organizations influence data patterns and access control mechanisms. By integrating our expertise in social networks, network topology, and data mining, we can develop a more comprehensive understanding of the problem space.

Here's an expanded research question:

**Title:** "Social Network-Informed Data Deception Detection: Leveraging Social Network Analysis and Access Control to Identify Malicious Data Patterns"

**Research Question:** Can we develop an effective method for detecting and preventing malicious data patterns in large datasets by integrating social network analysis, access control mechanisms, and machine learning algorithms?

**Motivation:** By analyzing the underlying social networks within organizations, we can identify potential vulnerabilities and anomalies that may indicate malicious activity. This integrated approach will enable us to better understand how social interactions and relationships affect data security.

**Potential Impact:** Our research could lead to significant advancements in data protection, enabling organizations to better safeguard their sensitive information from cyber threats. By incorporating social network analysis, we can provide a more nuanced understanding of the complex relationships between individuals and data within an organization.

To refine this idea, I suggest exploring the following potential research directions:

1. Investigating the intersection of social networks and wireless sensor networks to identify potential security vulnerabilities.
2. Developing machine learning algorithms that incorporate social network features to improve anomaly detection accuracy.
3. Examining the impact of social network structure on data access patterns and identifying areas for improvement.

What are your thoughts on this expanded proposal? How can we further refine or expand upon this idea to make it even more innovative and impactful?
========================================
Epoch:0 | TOPIC | Scientist0:## Conversation History Summary

**Key Points:**

* Scientist0 proposes a research topic "Data Deception Detection" that combines data mining, access control, and data protection.
* Scientist126 builds on this idea by incorporating social network analysis and machine learning algorithms to identify malicious data patterns.

**Important Decisions/Actions:**

* The team will continue discussing and refining the research topic.
* They aim to leverage their diverse range of expertise to develop a comprehensive understanding of the problem space.
========================================
Epoch:0 | TOPIC | user:[{'role': 'user', 'content': '## Conversation History\nSummarizations of previous turns in current team discussion: \nsummarizations of turn1: Here is a concise summary of the conversation:\n\n**Key Points:**\n\n* The team leader proposes investigating the application of data mining techniques to identify patterns in network traffic related to security threats.\n* Scientist126 builds on this idea, suggesting exploring how underlying social networks within organizations influence network traffic patterns and proposing incorporating machine learning algorithms for improved accuracy.\n* Potential research directions include:\n\t+ Investigating the intersection of social networks and wireless sensor networks\n\t+ Exploring the use of network traffic patterns to predict not only security threats but also other types of anomalies or events within an organization\n* Collaboration with Scientist112, who has expertise in autonomic computing and experimental evaluation, is suggested.\n\n**Important Decisions/Actions:**\n\n* The team will continue discussing and refining their research topic.\n* They aim to leverage their diverse range of expertise to develop a comprehensive understanding of the problem space.\nDiscussions in this turn: \nScientist0: I\'m excited to contribute to this discussion! As Scientist0, I\'d like to build upon the ideas already proposed by incorporating my own knowledge on data security and protection.\n\nConsidering our team\'s strengths in data mining, access control, and data protection, I suggest we explore a research topic that combines these areas. Here\'s a potential idea:\n\n**Title:** "Data Deception Detection: Leveraging Data Mining and Access Control to Identify Malicious Data Patterns"\n\n**Research Question:** Can we develop an effective method for detecting and preventing malicious data patterns in large datasets by integrating data mining techniques with access control mechanisms?\n\n**Motivation:** With the increasing amount of sensitive data being generated and stored, it\'s crucial to develop robust methods for identifying and mitigating potential security threats. By combining data mining and access control, we can identify patterns that may indicate malicious activity, such as unauthorized access or data tampering.\n\n**Potential Impact:** Our research could lead to significant advancements in data security, enabling organizations to better protect their sensitive information from cyber threats. This topic aligns with our team\'s strengths and goals, and I believe it has the potential to make a substantial impact in the field of data protection.\n\nWhat are your thoughts on this proposal? How can we refine or expand upon this idea to make it even more innovative and impactful?\nScientist126: I\'m excited to contribute to this discussion! As Scientist126, I\'d like to build upon the ideas already proposed by incorporating my own knowledge on network structure and social networks.\n\nWhile Scientist0\'s proposal is intriguing, I think we can take it a step further by exploring how underlying social networks within organizations influence data patterns and access control mechanisms. By integrating our expertise in social networks, network topology, and data mining, we can develop a more comprehensive understanding of the problem space.\n\nHere\'s an expanded research question:\n\n**Title:** "Social Network-Informed Data Deception Detection: Leveraging Social Network Analysis and Access Control to Identify Malicious Data Patterns"\n\n**Research Question:** Can we develop an effective method for detecting and preventing malicious data patterns in large datasets by integrating social network analysis, access control mechanisms, and machine learning algorithms?\n\n**Motivation:** By analyzing the underlying social networks within organizations, we can identify potential vulnerabilities and anomalies that may indicate malicious activity. This integrated approach will enable us to better understand how social interactions and relationships affect data security.\n\n**Potential Impact:** Our research could lead to significant advancements in data protection, enabling organizations to better safeguard their sensitive information from cyber threats. By incorporating social network analysis, we can provide a more nuanced understanding of the complex relationships between individuals and data within an organization.\n\nTo refine this idea, I suggest exploring the following potential research directions:\n\n1. Investigating the intersection of social networks and wireless sensor networks to identify potential security vulnerabilities.\n2. Developing machine learning algorithms that incorporate social network features to improve anomaly detection accuracy.\n3. Examining the impact of social network structure on data access patterns and identifying areas for improvement.\n\nWhat are your thoughts on this expanded proposal? How can we further refine or expand upon this idea to make it even more innovative and impactful?\nuser: Your team has discussed a couple of turns to select the topic. \n                                 "Now you have to decide whether your are ready to select potential research topics, you have two choices: \n                                 "Action 1: You think you are ready to select research topics. \n                                 "Action 2: You think your team need more discussions to decide which topics to select. \n                                 "Please note that although thorough discussion can lead to a better topic,\n                                 "confirm the topic early is beneficial for advancing the subsequent work.\n                                 "Please balance both aspects and provide a decision. \n                                 "Please select an action and describe your reasoning using the following format:\n                                 "Selected Action: [Action 1 or Action 2].\n                                 "Reasoning: [Explain why you chose this action.]'}]
========================================
Epoch:0 | TOPIC | Scientist0:**Selected Action:** Action 1
**Reasoning:** After reviewing our team's discussion, I believe we have a solid foundation for potential research topics. We've explored the intersection of data mining and access control, social network analysis, and machine learning algorithms to detect malicious data patterns. Our team has diverse expertise in these areas, which will enable us to develop a comprehensive understanding of the problem space.

While it's true that thorough discussion can lead to an even better topic, I think we've made significant progress in our previous turns. Confirming a research topic early on will allow us to start working on the project with a clear direction and focus. This will be beneficial for advancing subsequent work and ensuring that our efforts are aligned towards achieving our goals.

In addition, we can always refine or adjust our chosen topic as we delve deeper into the research process. By selecting a topic now, we'll be able to allocate resources effectively, assign tasks, and make progress on the project without unnecessary delays.

I'm confident that with our collective expertise and dedication, we can tackle any challenges that arise during this project. Let's move forward with Action 1 and select a potential research topic!
========================================
Epoch:0 | IDEA | Scientist0:Thought: I agree that refining a research topic early on can lead to better results in the long run.

Topic: ```json
{
  "Selected Topic": "Data Deception Detection: Leveraging Data Mining and Access Control to Identify Malicious Data Patterns"
}
```
========================================
