Epoch:0 | TOPIC | Scientist0:As the team leader, I'd like to start by reviewing our team's strengths and goals. We have a diverse set of affiliations, including the Naval Research Laboratory, College of William & Mary, and George Mason University, which suggests that we're well-versed in various areas of research.

Our expertise spans topics such as data mining, access control, data protection, and data security, among others. This breadth of knowledge can be leveraged to propose a research topic that combines multiple disciplines.

Upon reviewing the previous conversations, I noticed that Scientist1 has extensive experience with overlay networks and high-performance computing, while Scientist112 has expertise in autonomic computing and experimental evaluation.

Considering our team's strengths, I'd like to propose a potential research topic: "Developing a Data-Driven Approach for Secure and Efficient Overlay Network Design."

This topic combines our expertise in data mining and access control with the overlay network design expertise of Scientist1. The goal would be to develop a novel approach that utilizes machine learning and data analytics to optimize overlay network performance, while ensuring the security and integrity of the data transmitted through these networks.

The potential impact of this research is significant, as it could lead to more efficient and secure communication networks in various domains, including military communications, cloud computing, and distributed systems.
========================================
Epoch:0 | TOPIC | Scientist61:I'm excited to contribute to the discussion on proposing a research topic for our team. Building upon Scientist0's proposal, I'd like to explore the idea of developing a data-driven approach for secure and efficient overlay network design.

As someone with expertise in wait-free algorithms and deterministic algorithms, I think we can bring a unique perspective to this topic. We could leverage our understanding of distributed systems and concurrency to develop a novel algorithm that optimizes overlay network performance while ensuring security and integrity.

One potential direction could be to investigate the application of Aspnes-Herlihy's algorithm or Paxos algorithm in overlay network design. These algorithms have shown promise in ensuring consistency and fault tolerance in distributed systems, which could be beneficial for overlay networks.

To further enhance our proposal, I'd like to suggest incorporating some of the topics that Scientist67 has researched on, such as wireless sensor networks and network topology. By combining our expertise in data mining and access control with these areas, we could develop a more comprehensive approach to optimizing overlay network performance.

Additionally, considering the significance of network-wide resource allocation algorithms, we could explore how to integrate this concept into our proposal. This would enable us to not only optimize overlay network performance but also ensure efficient resource utilization across the network.

By combining our diverse expertise and exploring innovative solutions, I believe we can develop a groundbreaking research topic that has the potential to make a significant impact in the field of overlay networks.

What are your thoughts on this direction? Should we expand upon this idea or explore other areas of research?
========================================
Epoch:0 | TOPIC | Scientist0:Here is a concise summary of the content:

**Key Points:**

* The team leader, Scientist0, proposes a research topic: "Developing a Data-Driven Approach for Secure and Efficient Overlay Network Design" that combines expertise in data mining, access control, overlay network design, machine learning, and data analytics.
* Scientist61 builds upon this proposal, suggesting the application of wait-free algorithms and deterministic algorithms to optimize overlay network performance while ensuring security and integrity.
* Potential directions include:
	+ Investigating Aspnes-Herlihy's algorithm or Paxos algorithm in overlay network design
	+ Incorporating expertise from wireless sensor networks and network topology research
	+ Integrating network-wide resource allocation algorithms for efficient resource utilization

**Important Decisions/Actions:**

* The team will explore the proposed research topic, combining their diverse expertise to develop a comprehensive approach.
* They will consider incorporating additional areas of research, such as wireless sensor networks and network topology, to enhance the proposal.
========================================
