Epoch:0 | TOPIC | Scientist0:As the team leader, I'd like to start by reviewing our team's strengths and goals. We have a diverse range of expertise, with affiliations from top institutions such as the Naval Research Laboratory, College of William & Mary, and George Mason University. Our research topics span various areas, including data mining, access control, and data protection.

Scientist115, I'd like to hear your thoughts on what you think we should focus on next. With our collective expertise, where do you see opportunities for innovation?

To get us started, I'll mention a few potential directions that came up in my mind:

1. **Data Security and Protection**: Building upon our existing research in data protection and access control, we could explore more advanced techniques to safeguard sensitive information in today's increasingly interconnected world.
2. **Attack Graph Analysis**: Our work on attack graphs has shown promise in identifying vulnerabilities and predicting potential attacks. We could further develop this area by incorporating machine learning or other AI techniques to improve the accuracy of our predictions.
3. **Data Cube Optimization**: With the growing importance of big data, optimizing data cube structures for efficient querying and analysis is a pressing need. Our team's expertise in data mining and structure could be leveraged to develop novel solutions.

What are your thoughts on these ideas, Scientist115? Do any resonate with you, or do you have alternative directions in mind?

(Also, I noticed that we don't have any affiliations from the University of Texas at Austin or Rutgers. Perhaps we can explore collaborations with researchers from those institutions?)
========================================
Epoch:0 | TOPIC | Scientist115:I'm excited to contribute to this discussion! As Scientist115, I'd like to build upon the ideas proposed by Scientist0 and add some perspectives from my own research experience.

Firstly, I agree that **Data Security and Protection** is a crucial area of focus. With the increasing number of data breaches and cyber attacks, it's essential to develop more robust and proactive measures to safeguard sensitive information. Our team's expertise in access control and data protection can be leveraged to explore advanced techniques such as:

* Developing novel encryption methods that balance security with performance
* Investigating the use of AI-powered anomaly detection for early warning systems
* Designing more effective intrusion detection systems

Regarding **Attack Graph Analysis**, I think incorporating machine learning or other AI techniques is an excellent direction. By combining our existing work on attack graphs with AI, we can potentially improve the accuracy and scalability of our predictions. Some potential research questions could be:

* How can we use graph neural networks to model complex attack scenarios?
* Can we develop a predictive framework that combines symbolic reasoning with machine learning?

Lastly, while **Data Cube Optimization** is an important area, I'd like to suggest an alternative direction: **Synthetic Data Generation for Data Integration**. With the growing need for data integration and fusion, synthetic data can play a crucial role in filling gaps and ensuring data quality. Our team's expertise in data mining and structure can be applied to develop novel methods for generating high-quality synthetic data, which can then be used for various applications such as:

* Filling missing values or handling missing data
* Data augmentation for machine learning tasks
* Enabling cross-domain knowledge transfer

As for collaborations with researchers from the University of Texas at Austin and Rutgers, I think that's an excellent idea! Our team could explore potential collaborations on topics like data security, attack graph analysis, or synthetic data generation.

What are your thoughts on these ideas, Scientist0? Do any resonate with you, or would you like to propose additional directions for our research focus?
========================================
Epoch:0 | TOPIC | Scientist0:Here is a concise summary of the conversation:

**Key Points:**

* The team has diverse expertise from top institutions and research topics including data mining, access control, and data protection.
* Potential research directions were proposed by Scientist0:
	+ Data Security and Protection
	+ Attack Graph Analysis with AI techniques
	+ Data Cube Optimization
* Scientist115 added to these ideas and suggested an alternative direction: **Synthetic Data Generation for Data Integration**.

**Important Decisions/Actions:**

* The team will explore collaborations with researchers from the University of Texas at Austin and Rutgers.
* Potential research questions were proposed, including:
	+ Developing novel encryption methods
	+ Investigating AI-powered anomaly detection
	+ Designing more effective intrusion detection systems
	+ Using graph neural networks for attack graph analysis
	+ Generating high-quality synthetic data for various applications.

**Next Steps:**

* The team will continue to discuss and refine the proposed research directions.
* Scientist0 and Scientist115 will work together to explore collaborations with researchers from other institutions.
========================================
Epoch:0 | TOPIC | Scientist0:It's great to see that we have a diverse set of expertise in our team, covering topics such as data mining, access control, and data protection. Building on the ideas previously discussed, I'd like to propose an innovative research topic that combines some of these areas.

**Title:** "Intelligent Data Redundancy Management for Secure Data Sharing"

**Research Question:**

Can we develop a novel approach to manage data redundancy in secure data sharing systems, leveraging machine learning and graph-based techniques to optimize data protection while minimizing storage costs?

**Background:**

In today's big data era, organizations often struggle with managing large amounts of sensitive data. While data protection is crucial, excessive data redundancy can lead to inefficient storage usage and increased security risks. Our goal is to create a system that automatically identifies and optimizes data redundancy in secure data sharing environments.

**Methodology:**

We will employ a combination of graph-based techniques (e.g., attack graphs) and machine learning algorithms to analyze data relationships and identify redundant data. This will enable us to develop an intelligent data management system that:

1. Identifies and removes redundant data while preserving sensitive information.
2. Optimizes storage usage by minimizing the amount of redundant data stored.
3. Enhances security by reducing the attack surface through targeted access control.

**Potential Impact:**

By addressing the challenges of data redundancy in secure data sharing, our research has the potential to make a significant impact on various domains, including:

1. Cloud computing: Reduced storage costs and improved security for cloud-based applications.
2. Cybersecurity: Enhanced protection against attacks by minimizing redundant data.
3. Data science: Efficient management of large datasets for analytics and machine learning.

**Collaboration Opportunities:**

We can leverage our existing collaborations with researchers from the University of Texas at Austin and Rutgers to explore potential partnerships in this area.

What are your thoughts on this proposed research topic? Do you have any suggestions or ideas to build upon?
========================================
Epoch:0 | TOPIC | Scientist115:I'm excited to see Scientist0's proposal for "Intelligent Data Redundancy Management for Secure Data Sharing". I think it's a great idea, but I'd like to propose an alternative direction that builds upon our team's strengths in data integration and synthetic data generation.

**Title:** "Synthetic Data Generation for Real-World Data Integration"

**Research Question:**

Can we develop a novel approach to generate high-quality synthetic data for real-world data integration applications, leveraging machine learning and graph-based techniques to optimize data quality while minimizing the need for sensitive information?

**Background:**

As Scientist115, I've worked extensively on data integration and synthetic data generation. I believe that our team's expertise in these areas can be combined with the ideas proposed by Scientist0 to create a more comprehensive solution.

**Methodology:**

We will employ a combination of machine learning algorithms (e.g., Generative Adversarial Networks) and graph-based techniques (e.g., graph neural networks) to generate high-quality synthetic data that accurately represents real-world datasets. This will enable us to develop an intelligent data integration system that:

1. Generates synthetic data that preserves the statistical properties of the original dataset.
2. Optimizes data quality by minimizing errors and inconsistencies in the integrated data.
3. Enhances security by reducing the need for sensitive information.

**Potential Impact:**

By addressing the challenges of real-world data integration, our research has the potential to make a significant impact on various domains, including:

1. Data science: Efficient management of large datasets for analytics and machine learning.
2. Cybersecurity: Enhanced protection against attacks by minimizing redundant data and sensitive information.
3. Healthcare: Improved patient outcomes through accurate and secure data integration.

**Collaboration Opportunities:**

We can leverage our existing collaborations with researchers from the University of Texas at Austin and Rutgers to explore potential partnerships in this area, as well as collaborate with experts in healthcare and cybersecurity to ensure that our research has a practical impact.

I'd love to hear your thoughts on this alternative direction. Do you think it's worth exploring further?
========================================
Epoch:0 | TOPIC | Scientist0:## Conversation History Summary

**Key Points:**

* Scientist0 proposed "Intelligent Data Redundancy Management for Secure Data Sharing" which leverages machine learning and graph-based techniques to optimize data protection while minimizing storage costs.
* Scientist115 suggested an alternative direction, "Synthetic Data Generation for Real-World Data Integration", which combines expertise in data integration and synthetic data generation.

**Important Decisions/Actions:**

* The team will explore collaborations with researchers from the University of Texas at Austin and Rutgers to further investigate both proposed research directions.
* Potential collaboration opportunities were identified in healthcare and cybersecurity domains.

**Next Steps:**

* The team will discuss and refine both proposals, considering their strengths and potential synergies.
* Scientist0 and Scientist115 will work together to explore potential partnerships and collaborations.
========================================
Epoch:0 | TOPIC | user:[{'role': 'user', 'content': '## Conversation History\nSummarizations of previous turns in current team discussion: \nsummarizations of turn1: Here is a concise summary of the conversation:\n\n**Key Points:**\n\n* The team has diverse expertise from top institutions and research topics including data mining, access control, and data protection.\n* Potential research directions were proposed by Scientist0:\n\t+ Data Security and Protection\n\t+ Attack Graph Analysis with AI techniques\n\t+ Data Cube Optimization\n* Scientist115 added to these ideas and suggested an alternative direction: **Synthetic Data Generation for Data Integration**.\n\n**Important Decisions/Actions:**\n\n* The team will explore collaborations with researchers from the University of Texas at Austin and Rutgers.\n* Potential research questions were proposed, including:\n\t+ Developing novel encryption methods\n\t+ Investigating AI-powered anomaly detection\n\t+ Designing more effective intrusion detection systems\n\t+ Using graph neural networks for attack graph analysis\n\t+ Generating high-quality synthetic data for various applications.\n\n**Next Steps:**\n\n* The team will continue to discuss and refine the proposed research directions.\n* Scientist0 and Scientist115 will work together to explore collaborations with researchers from other institutions.\nDiscussions in this turn: \nScientist0: It\'s great to see that we have a diverse set of expertise in our team, covering topics such as data mining, access control, and data protection. Building on the ideas previously discussed, I\'d like to propose an innovative research topic that combines some of these areas.\n\n**Title:** "Intelligent Data Redundancy Management for Secure Data Sharing"\n\n**Research Question:**\n\nCan we develop a novel approach to manage data redundancy in secure data sharing systems, leveraging machine learning and graph-based techniques to optimize data protection while minimizing storage costs?\n\n**Background:**\n\nIn today\'s big data era, organizations often struggle with managing large amounts of sensitive data. While data protection is crucial, excessive data redundancy can lead to inefficient storage usage and increased security risks. Our goal is to create a system that automatically identifies and optimizes data redundancy in secure data sharing environments.\n\n**Methodology:**\n\nWe will employ a combination of graph-based techniques (e.g., attack graphs) and machine learning algorithms to analyze data relationships and identify redundant data. This will enable us to develop an intelligent data management system that:\n\n1. Identifies and removes redundant data while preserving sensitive information.\n2. Optimizes storage usage by minimizing the amount of redundant data stored.\n3. Enhances security by reducing the attack surface through targeted access control.\n\n**Potential Impact:**\n\nBy addressing the challenges of data redundancy in secure data sharing, our research has the potential to make a significant impact on various domains, including:\n\n1. Cloud computing: Reduced storage costs and improved security for cloud-based applications.\n2. Cybersecurity: Enhanced protection against attacks by minimizing redundant data.\n3. Data science: Efficient management of large datasets for analytics and machine learning.\n\n**Collaboration Opportunities:**\n\nWe can leverage our existing collaborations with researchers from the University of Texas at Austin and Rutgers to explore potential partnerships in this area.\n\nWhat are your thoughts on this proposed research topic? Do you have any suggestions or ideas to build upon?\nScientist115: I\'m excited to see Scientist0\'s proposal for "Intelligent Data Redundancy Management for Secure Data Sharing". I think it\'s a great idea, but I\'d like to propose an alternative direction that builds upon our team\'s strengths in data integration and synthetic data generation.\n\n**Title:** "Synthetic Data Generation for Real-World Data Integration"\n\n**Research Question:**\n\nCan we develop a novel approach to generate high-quality synthetic data for real-world data integration applications, leveraging machine learning and graph-based techniques to optimize data quality while minimizing the need for sensitive information?\n\n**Background:**\n\nAs Scientist115, I\'ve worked extensively on data integration and synthetic data generation. I believe that our team\'s expertise in these areas can be combined with the ideas proposed by Scientist0 to create a more comprehensive solution.\n\n**Methodology:**\n\nWe will employ a combination of machine learning algorithms (e.g., Generative Adversarial Networks) and graph-based techniques (e.g., graph neural networks) to generate high-quality synthetic data that accurately represents real-world datasets. This will enable us to develop an intelligent data integration system that:\n\n1. Generates synthetic data that preserves the statistical properties of the original dataset.\n2. Optimizes data quality by minimizing errors and inconsistencies in the integrated data.\n3. Enhances security by reducing the need for sensitive information.\n\n**Potential Impact:**\n\nBy addressing the challenges of real-world data integration, our research has the potential to make a significant impact on various domains, including:\n\n1. Data science: Efficient management of large datasets for analytics and machine learning.\n2. Cybersecurity: Enhanced protection against attacks by minimizing redundant data and sensitive information.\n3. Healthcare: Improved patient outcomes through accurate and secure data integration.\n\n**Collaboration Opportunities:**\n\nWe can leverage our existing collaborations with researchers from the University of Texas at Austin and Rutgers to explore potential partnerships in this area, as well as collaborate with experts in healthcare and cybersecurity to ensure that our research has a practical impact.\n\nI\'d love to hear your thoughts on this alternative direction. Do you think it\'s worth exploring further?\nuser: Your team has discussed a couple of turns to select the topic. \n                                 "Now you have to decide whether your are ready to select potential research topics, you have two choices: \n                                 "Action 1: You think you are ready to select research topics. \n                                 "Action 2: You think your team need more discussions to decide which topics to select. \n                                 "Please note that although thorough discussion can lead to a better topic,\n                                 "confirm the topic early is beneficial for advancing the subsequent work.\n                                 "Please balance both aspects and provide a decision. \n                                 "Please select an action and describe your reasoning using the following format:\n                                 "Selected Action: [Action 1 or Action 2].\n                                 "Reasoning: [Explain why you chose this action.]'}]
========================================
Epoch:0 | TOPIC | Scientist0:Selected Action: Action 1.

Reasoning: After reviewing our team's discussion, I believe we have a good understanding of each other's perspectives and expertise. We've proposed two innovative research topics that build upon our strengths in data security, access control, and data integration. While further discussions can help refine our ideas, I think we're ready to select a topic as the foundation for our subsequent work. Confirming a topic early will allow us to start making progress on the project, including setting up collaborations with external researchers, defining the scope of the research, and allocating resources. Additionally, our team's diverse expertise and existing collaborations provide a solid foundation for advancing this research area. With some fine-tuning along the way, I'm confident that we can make significant contributions to the field.
========================================
Epoch:0 | IDEA | Scientist0:Thought: I think both proposals are interesting, but I'm leaning towards "Intelligent Data Redundancy Management for Secure Data Sharing" as it has a more direct impact on cybersecurity and data protection.

Topic: ```json{"Selected Topic": "Intelligent Data Redundancy Management for Secure Data Sharing"}```
========================================
